<?xml version="1.0" encoding="UTF-8"?>
<!-- Generated by org.testng.reporters.JUnitReportReporter -->
<testsuite skipped="0" hostname="AT-ESLap12" name="testCases.CarNameAndPriceTest" tests="4" failures="0" timestamp="12 Jan 2021 16:11:28 GMT" time="66.008" errors="0">
  <testcase name="carNameAndPriceTest" time="22.315" classname="testCases.CarNameAndPriceTest"/>
  <testcase name="carNameAndPriceTest" time="17.633" classname="testCases.CarNameAndPriceTest"/>
  <testcase name="carNameAndPriceTest" time="12.630" classname="testCases.CarNameAndPriceTest"/>
  <testcase name="carNameAndPriceTest" time="13.430" classname="testCases.CarNameAndPriceTest"/>
</testsuite> <!-- testCases.CarNameAndPriceTest -->
