<?xml version="1.0" encoding="UTF-8"?>
<!-- Generated by org.testng.reporters.JUnitReportReporter -->
<testsuite skipped="3" hostname="AT-ESLap12" name="testCases.FindNewCarTest" tests="4" failures="0" timestamp="12 Jan 2021 16:11:28 GMT" time="15.472" errors="0">
  <testcase name="findCarTest" time="0.021" classname="testCases.FindNewCarTest">
    <skipped/>
  </testcase> <!-- findCarTest -->
  <testcase name="findCarTest" time="14.613" classname="testCases.FindNewCarTest"/>
  <testcase name="findCarTest" time="0.831" classname="testCases.FindNewCarTest">
    <skipped/>
  </testcase> <!-- findCarTest -->
  <testcase name="findCarTest" time="0.007" classname="testCases.FindNewCarTest">
    <skipped/>
  </testcase> <!-- findCarTest -->
</testsuite> <!-- testCases.FindNewCarTest -->
